{"/Users/hackreactor/work/blueOcean/Fitter/sum.js": {"path":"/Users/hackreactor/work/blueOcean/Fitter/sum.js","statementMap":{"0":{"start":{"line":2,"column":2},"end":{"line":2,"column":14}},"1":{"start":{"line":5,"column":0},"end":{"line":5,"column":21}}},"fnMap":{"0":{"name":"sum","decl":{"start":{"line":1,"column":9},"end":{"line":1,"column":12}},"loc":{"start":{"line":1,"column":18},"end":{"line":3,"column":1}},"line":1}},"branchMap":{},"s":{"0":1,"1":1},"f":{"0":1},"b":{},"_coverageSchema":"1a1c01bbd47fc00a2c39e90264f33305004495a9","hash":"88aed7acc6b82b997205368d91191890c65ff69b"}
,"/Users/hackreactor/work/blueOcean/Fitter/client/src/components/friendProfile/addFriend.jsx": {"path":"/Users/hackreactor/work/blueOcean/Fitter/client/src/components/friendProfile/addFriend.jsx","statementMap":{"0":{"start":{"line":6,"column":18},"end":{"line":36,"column":1}},"1":{"start":{"line":8,"column":32},"end":{"line":8,"column":56}},"2":{"start":{"line":10,"column":20},"end":{"line":18,"column":3}},"3":{"start":{"line":11,"column":4},"end":{"line":17,"column":6}},"4":{"start":{"line":13,"column":6},"end":{"line":13,"column":21}},"5":{"start":{"line":16,"column":6},"end":{"line":16,"column":73}},"6":{"start":{"line":20,"column":23},"end":{"line":28,"column":3}},"7":{"start":{"line":21,"column":4},"end":{"line":27,"column":6}},"8":{"start":{"line":23,"column":6},"end":{"line":23,"column":22}},"9":{"start":{"line":26,"column":6},"end":{"line":26,"column":73}},"10":{"start":{"line":30,"column":2},"end":{"line":35,"column":3}},"11":{"start":{"line":31,"column":4},"end":{"line":31,"column":85}},"12":{"start":{"line":33,"column":4},"end":{"line":33,"column":91}}},"fnMap":{"0":{"name":"(anonymous_0)","decl":{"start":{"line":6,"column":18},"end":{"line":6,"column":19}},"loc":{"start":{"line":6,"column":29},"end":{"line":36,"column":1}},"line":6},"1":{"name":"(anonymous_1)","decl":{"start":{"line":10,"column":20},"end":{"line":10,"column":21}},"loc":{"start":{"line":10,"column":26},"end":{"line":18,"column":3}},"line":10},"2":{"name":"(anonymous_2)","decl":{"start":{"line":12,"column":10},"end":{"line":12,"column":11}},"loc":{"start":{"line":12,"column":20},"end":{"line":14,"column":5}},"line":12},"3":{"name":"(anonymous_3)","decl":{"start":{"line":15,"column":11},"end":{"line":15,"column":12}},"loc":{"start":{"line":15,"column":18},"end":{"line":17,"column":5}},"line":15},"4":{"name":"(anonymous_4)","decl":{"start":{"line":20,"column":23},"end":{"line":20,"column":24}},"loc":{"start":{"line":20,"column":29},"end":{"line":28,"column":3}},"line":20},"5":{"name":"(anonymous_5)","decl":{"start":{"line":22,"column":10},"end":{"line":22,"column":11}},"loc":{"start":{"line":22,"column":20},"end":{"line":24,"column":5}},"line":22},"6":{"name":"(anonymous_6)","decl":{"start":{"line":25,"column":11},"end":{"line":25,"column":12}},"loc":{"start":{"line":25,"column":18},"end":{"line":27,"column":5}},"line":25}},"branchMap":{"0":{"loc":{"start":{"line":30,"column":2},"end":{"line":35,"column":3}},"type":"if","locations":[{"start":{"line":30,"column":2},"end":{"line":35,"column":3}},{"start":{"line":30,"column":2},"end":{"line":35,"column":3}}],"line":30}},"s":{"0":1,"1":3,"2":3,"3":0,"4":0,"5":0,"6":3,"7":0,"8":0,"9":0,"10":3,"11":2,"12":1},"f":{"0":3,"1":0,"2":0,"3":0,"4":0,"5":0,"6":0},"b":{"0":[2,1]},"_coverageSchema":"1a1c01bbd47fc00a2c39e90264f33305004495a9","hash":"6e9936b1d6c68af45a5e1a7586f72a2273cf56af"}
,"/Users/hackreactor/work/blueOcean/Fitter/client/src/components/friendProfile/comment.jsx": {"path":"/Users/hackreactor/work/blueOcean/Fitter/client/src/components/friendProfile/comment.jsx","statementMap":{"0":{"start":{"line":7,"column":4},"end":{"line":7,"column":17}},"1":{"start":{"line":8,"column":4},"end":{"line":12,"column":5}},"2":{"start":{"line":13,"column":4},"end":{"line":13,"column":60}},"3":{"start":{"line":14,"column":4},"end":{"line":14,"column":64}},"4":{"start":{"line":17,"column":4},"end":{"line":17,"column":29}},"5":{"start":{"line":18,"column":19},"end":{"line":18,"column":31}},"6":{"start":{"line":19,"column":18},"end":{"line":19,"column":30}},"7":{"start":{"line":20,"column":17},"end":{"line":20,"column":28}},"8":{"start":{"line":22,"column":4},"end":{"line":24,"column":7}},"9":{"start":{"line":27,"column":4},"end":{"line":27,"column":26}},"10":{"start":{"line":28,"column":4},"end":{"line":28,"column":38}},"11":{"start":{"line":29,"column":4},"end":{"line":32,"column":6}},"12":{"start":{"line":31,"column":6},"end":{"line":31,"column":27}},"13":{"start":{"line":36,"column":4},"end":{"line":38,"column":5}},"14":{"start":{"line":37,"column":6},"end":{"line":37,"column":17}},"15":{"start":{"line":40,"column":4},"end":{"line":59,"column":5}},"16":{"start":{"line":42,"column":53},"end":{"line":42,"column":72}}},"fnMap":{"0":{"name":"(anonymous_0)","decl":{"start":{"line":6,"column":2},"end":{"line":6,"column":3}},"loc":{"start":{"line":6,"column":21},"end":{"line":15,"column":3}},"line":6},"1":{"name":"(anonymous_1)","decl":{"start":{"line":16,"column":2},"end":{"line":16,"column":3}},"loc":{"start":{"line":16,"column":27},"end":{"line":25,"column":3}},"line":16},"2":{"name":"(anonymous_2)","decl":{"start":{"line":26,"column":2},"end":{"line":26,"column":3}},"loc":{"start":{"line":26,"column":24},"end":{"line":34,"column":3}},"line":26},"3":{"name":"(anonymous_3)","decl":{"start":{"line":30,"column":10},"end":{"line":30,"column":11}},"loc":{"start":{"line":30,"column":20},"end":{"line":32,"column":5}},"line":30},"4":{"name":"(anonymous_4)","decl":{"start":{"line":35,"column":2},"end":{"line":35,"column":3}},"loc":{"start":{"line":35,"column":12},"end":{"line":59,"column":6}},"line":35},"5":{"name":"(anonymous_5)","decl":{"start":{"line":42,"column":48},"end":{"line":42,"column":49}},"loc":{"start":{"line":42,"column":53},"end":{"line":42,"column":72}},"line":42}},"branchMap":{"0":{"loc":{"start":{"line":36,"column":4},"end":{"line":38,"column":5}},"type":"if","locations":[{"start":{"line":36,"column":4},"end":{"line":38,"column":5}},{"start":{"line":36,"column":4},"end":{"line":38,"column":5}}],"line":36}},"s":{"0":2,"1":2,"2":2,"3":2,"4":0,"5":0,"6":0,"7":0,"8":0,"9":0,"10":0,"11":0,"12":0,"13":2,"14":2,"15":0,"16":0},"f":{"0":2,"1":0,"2":0,"3":0,"4":2,"5":0},"b":{"0":[2,0]},"_coverageSchema":"1a1c01bbd47fc00a2c39e90264f33305004495a9","hash":"f6c80513c92b9e8c4e34d7ac6c291f13d60ea7f4"}
,"/Users/hackreactor/work/blueOcean/Fitter/client/src/components/friendProfile/friendProfile.jsx": {"path":"/Users/hackreactor/work/blueOcean/Fitter/client/src/components/friendProfile/friendProfile.jsx","statementMap":{"0":{"start":{"line":18,"column":4},"end":{"line":18,"column":20}},"1":{"start":{"line":19,"column":4},"end":{"line":19,"column":17}},"2":{"start":{"line":20,"column":4},"end":{"line":32,"column":5}},"3":{"start":{"line":35,"column":4},"end":{"line":35,"column":22}},"4":{"start":{"line":36,"column":4},"end":{"line":36,"column":24}},"5":{"start":{"line":40,"column":4},"end":{"line":40,"column":20}},"6":{"start":{"line":41,"column":4},"end":{"line":65,"column":6}},"7":{"start":{"line":43,"column":6},"end":{"line":43,"column":22}},"8":{"start":{"line":44,"column":21},"end":{"line":44,"column":32}},"9":{"start":{"line":45,"column":6},"end":{"line":45,"column":39}},"10":{"start":{"line":46,"column":6},"end":{"line":46,"column":48}},"11":{"start":{"line":47,"column":6},"end":{"line":59,"column":8}},"12":{"start":{"line":60,"column":6},"end":{"line":60,"column":38}},"13":{"start":{"line":63,"column":6},"end":{"line":63,"column":22}},"14":{"start":{"line":64,"column":6},"end":{"line":64,"column":22}},"15":{"start":{"line":79,"column":4},"end":{"line":113,"column":5}},"16":{"start":{"line":92,"column":31},"end":{"line":92,"column":104}}},"fnMap":{"0":{"name":"(anonymous_0)","decl":{"start":{"line":17,"column":2},"end":{"line":17,"column":3}},"loc":{"start":{"line":17,"column":20},"end":{"line":33,"column":3}},"line":17},"1":{"name":"(anonymous_1)","decl":{"start":{"line":34,"column":2},"end":{"line":34,"column":3}},"loc":{"start":{"line":34,"column":21},"end":{"line":37,"column":3}},"line":34},"2":{"name":"(anonymous_2)","decl":{"start":{"line":39,"column":2},"end":{"line":39,"column":3}},"loc":{"start":{"line":39,"column":18},"end":{"line":66,"column":3}},"line":39},"3":{"name":"(anonymous_3)","decl":{"start":{"line":42,"column":10},"end":{"line":42,"column":11}},"loc":{"start":{"line":42,"column":20},"end":{"line":61,"column":5}},"line":42},"4":{"name":"(anonymous_4)","decl":{"start":{"line":62,"column":11},"end":{"line":62,"column":12}},"loc":{"start":{"line":62,"column":18},"end":{"line":65,"column":5}},"line":62},"5":{"name":"(anonymous_5)","decl":{"start":{"line":78,"column":2},"end":{"line":78,"column":3}},"loc":{"start":{"line":78,"column":11},"end":{"line":114,"column":5}},"line":78},"6":{"name":"(anonymous_6)","decl":{"start":{"line":92,"column":25},"end":{"line":92,"column":26}},"loc":{"start":{"line":92,"column":31},"end":{"line":92,"column":104}},"line":92}},"branchMap":{"0":{"loc":{"start":{"line":57,"column":17},"end":{"line":57,"column":44}},"type":"binary-expr","locations":[{"start":{"line":57,"column":17},"end":{"line":57,"column":39}},{"start":{"line":57,"column":43},"end":{"line":57,"column":44}}],"line":57},"1":{"loc":{"start":{"line":58,"column":18},"end":{"line":58,"column":61}},"type":"cond-expr","locations":[{"start":{"line":58,"column":49},"end":{"line":58,"column":53}},{"start":{"line":58,"column":56},"end":{"line":58,"column":61}}],"line":58}},"s":{"0":1,"1":1,"2":1,"3":1,"4":1,"5":1,"6":1,"7":0,"8":0,"9":0,"10":0,"11":0,"12":0,"13":0,"14":0,"15":1,"16":0},"f":{"0":1,"1":1,"2":1,"3":0,"4":0,"5":1,"6":0},"b":{"0":[0,0],"1":[0,0]},"_coverageSchema":"1a1c01bbd47fc00a2c39e90264f33305004495a9","hash":"1fe9f9727cbdb9bbf9f2bf28387451415d83d570"}
,"/Users/hackreactor/work/blueOcean/Fitter/client/src/components/friendProfile/messageButton.jsx": {"path":"/Users/hackreactor/work/blueOcean/Fitter/client/src/components/friendProfile/messageButton.jsx","statementMap":{"0":{"start":{"line":5,"column":22},"end":{"line":12,"column":1}},"1":{"start":{"line":6,"column":36},"end":{"line":6,"column":51}},"2":{"start":{"line":7,"column":23},"end":{"line":9,"column":3}},"3":{"start":{"line":8,"column":4},"end":{"line":8,"column":20}},"4":{"start":{"line":10,"column":2},"end":{"line":10,"column":82}}},"fnMap":{"0":{"name":"(anonymous_0)","decl":{"start":{"line":5,"column":22},"end":{"line":5,"column":23}},"loc":{"start":{"line":5,"column":33},"end":{"line":12,"column":1}},"line":5},"1":{"name":"(anonymous_1)","decl":{"start":{"line":7,"column":23},"end":{"line":7,"column":24}},"loc":{"start":{"line":7,"column":29},"end":{"line":9,"column":3}},"line":7}},"branchMap":{},"s":{"0":1,"1":1,"2":1,"3":0,"4":1},"f":{"0":1,"1":0},"b":{},"_coverageSchema":"1a1c01bbd47fc00a2c39e90264f33305004495a9","hash":"7c3ba0d812348beae66a487dbef2557f29c0c765"}
,"/Users/hackreactor/work/blueOcean/Fitter/client/src/components/friendProfile/sharedStats.jsx": {"path":"/Users/hackreactor/work/blueOcean/Fitter/client/src/components/friendProfile/sharedStats.jsx","statementMap":{"0":{"start":{"line":5,"column":20},"end":{"line":38,"column":1}},"1":{"start":{"line":6,"column":2},"end":{"line":37,"column":3}},"2":{"start":{"line":7,"column":4},"end":{"line":7,"column":15}},"3":{"start":{"line":9,"column":26},"end":{"line":9,"column":41}},"4":{"start":{"line":11,"column":3},"end":{"line":36,"column":5}},"5":{"start":{"line":12,"column":22},"end":{"line":12,"column":70}},"6":{"start":{"line":13,"column":24},"end":{"line":13,"column":77}},"7":{"start":{"line":14,"column":23},"end":{"line":14,"column":72}},"8":{"start":{"line":15,"column":4},"end":{"line":34,"column":8}},"9":{"start":{"line":28,"column":31},"end":{"line":28,"column":44}},"10":{"start":{"line":31,"column":51},"end":{"line":31,"column":65}}},"fnMap":{"0":{"name":"(anonymous_0)","decl":{"start":{"line":5,"column":20},"end":{"line":5,"column":21}},"loc":{"start":{"line":5,"column":77},"end":{"line":38,"column":1}},"line":5},"1":{"name":"(anonymous_1)","decl":{"start":{"line":11,"column":20},"end":{"line":11,"column":21}},"loc":{"start":{"line":11,"column":32},"end":{"line":35,"column":7}},"line":11},"2":{"name":"(anonymous_2)","decl":{"start":{"line":28,"column":25},"end":{"line":28,"column":26}},"loc":{"start":{"line":28,"column":31},"end":{"line":28,"column":44}},"line":28},"3":{"name":"(anonymous_3)","decl":{"start":{"line":31,"column":45},"end":{"line":31,"column":46}},"loc":{"start":{"line":31,"column":51},"end":{"line":31,"column":65}},"line":31}},"branchMap":{"0":{"loc":{"start":{"line":6,"column":2},"end":{"line":37,"column":3}},"type":"if","locations":[{"start":{"line":6,"column":2},"end":{"line":37,"column":3}},{"start":{"line":6,"column":2},"end":{"line":37,"column":3}}],"line":6}},"s":{"0":1,"1":2,"2":0,"3":2,"4":2,"5":2,"6":2,"7":2,"8":2,"9":0,"10":0},"f":{"0":2,"1":2,"2":0,"3":0},"b":{"0":[0,2]},"_coverageSchema":"1a1c01bbd47fc00a2c39e90264f33305004495a9","hash":"04aa1601dbf56b6ce4c5ea1fc7a5d4dd2d9deee9"}
}
